Build started 12/8/2016 10:34:37 AM.
     1>Project "D:\Mine\bahan kuliah\tubes PBO\tubes offline\tubes\tubes.vcxproj" on node 2 (build target(s)).
     1>InitializeBuildStatus:
         Touching "Debug\tubes.unsuccessfulbuild".
       GenerateTargetFrameworkMonikerAttribute:
       Skipping target "GenerateTargetFrameworkMonikerAttribute" because all output files are up-to-date with respect to the input files.
       ClCompile:
         All outputs are up-to-date.
         All outputs are up-to-date.
         All outputs are up-to-date.
       CoreResGen:
         No resources are out of date with respect to their source files. Skipping resource generation.
       ResourceCompile:
         All outputs are up-to-date.
       Link:
         C:\Program Files (x86)\Microsoft Visual Studio 10.0\VC\bin\link.exe /ERRORREPORT:PROMPT /OUT:"D:\Mine\bahan kuliah\tubes PBO\tubes offline\Debug\tubes.exe" /INCREMENTAL /NOLOGO /ASSEMBLYRESOURCE:Debug\tubes.Form1.resources /ASSEMBLYRESOURCE:Debug\tubes.Form2.resources /ASSEMBLYRESOURCE:Debug\tubes.Form3.resources /ASSEMBLYRESOURCE:Debug\tubes.Form4.resources /MANIFEST /ManifestFile:"Debug\tubes.exe.intermediate.manifest" /MANIFESTUAC:"level='asInvoker' uiAccess='false'" /DEBUG /PDB:"D:\Mine\bahan kuliah\tubes PBO\tubes offline\Debug\tubes.pdb" /ASSEMBLYDEBUG /SUBSYSTEM:WINDOWS /TLBID:1 /ENTRY:"main" /DYNAMICBASE /FIXED:NO /NXCOMPAT /MACHINE:X86 Debug\app.res
         Debug\AssemblyInfo.obj
         Debug\Form2.obj
         Debug\Form3.obj
         Debug\Form4.obj
         Debug\stdafx.obj
         Debug\tubes.obj
         "Debug\.NETFramework,Version=v4.0.AssemblyAttributes.obj"
     1>LINK : fatal error LNK1123: failure during conversion to COFF: file invalid or corrupt
     1>Done Building Project "D:\Mine\bahan kuliah\tubes PBO\tubes offline\tubes\tubes.vcxproj" (build target(s)) -- FAILED.

Build FAILED.

Time Elapsed 00:00:00.70
