C:\USERS\DUTA\DOCUMENTS\VISUAL STUDIO 2010\PROJECTS\TUBES\DEBUG\TUBES.EXE
C:\USERS\DUTA\DOCUMENTS\VISUAL STUDIO 2010\PROJECTS\TUBES\DEBUG\TUBES.ILK
C:\USERS\DUTA\DOCUMENTS\VISUAL STUDIO 2010\PROJECTS\TUBES\DEBUG\TUBES.PDB
C:\USERS\DUTA\DOCUMENTS\VISUAL STUDIO 2010\PROJECTS\TUBES\TUBES\DEBUG\.NETFRAMEWORK,VERSION=V4.0.ASSEMBLYATTRIBUTES.OBJ
C:\USERS\DUTA\DOCUMENTS\VISUAL STUDIO 2010\PROJECTS\TUBES\TUBES\DEBUG\APP.RES
C:\USERS\DUTA\DOCUMENTS\VISUAL STUDIO 2010\PROJECTS\TUBES\TUBES\DEBUG\ASSEMBLYINFO.OBJ
C:\Users\duta\documents\visual studio 2010\Projects\tubes\tubes\Debug\cl.command.1.tlog
C:\Users\duta\documents\visual studio 2010\Projects\tubes\tubes\Debug\CL.read.1.tlog
C:\Users\duta\documents\visual studio 2010\Projects\tubes\tubes\Debug\CL.write.1.tlog
C:\USERS\DUTA\DOCUMENTS\VISUAL STUDIO 2010\PROJECTS\TUBES\TUBES\DEBUG\FORM2.OBJ
C:\USERS\DUTA\DOCUMENTS\VISUAL STUDIO 2010\PROJECTS\TUBES\TUBES\DEBUG\FORM3.OBJ
C:\Users\duta\documents\visual studio 2010\Projects\tubes\tubes\Debug\link.10192.read.1.tlog
C:\Users\duta\documents\visual studio 2010\Projects\tubes\tubes\Debug\link.10192.write.1.tlog
C:\Users\duta\documents\visual studio 2010\Projects\tubes\tubes\Debug\link.10192-cvtres.read.1.tlog
C:\Users\duta\documents\visual studio 2010\Projects\tubes\tubes\Debug\link.10192-cvtres.write.1.tlog
C:\Users\duta\documents\visual studio 2010\Projects\tubes\tubes\Debug\link.10464.read.1.tlog
C:\Users\duta\documents\visual studio 2010\Projects\tubes\tubes\Debug\link.10464.write.1.tlog
C:\Users\duta\documents\visual studio 2010\Projects\tubes\tubes\Debug\link.10464-cvtres.read.1.tlog
C:\Users\duta\documents\visual studio 2010\Projects\tubes\tubes\Debug\link.10464-cvtres.write.1.tlog
C:\Users\duta\documents\visual studio 2010\Projects\tubes\tubes\Debug\link.10560.read.1.tlog
C:\Users\duta\documents\visual studio 2010\Projects\tubes\tubes\Debug\link.10560.write.1.tlog
C:\Users\duta\documents\visual studio 2010\Projects\tubes\tubes\Debug\link.10560-cvtres.read.1.tlog
C:\Users\duta\documents\visual studio 2010\Projects\tubes\tubes\Debug\link.10560-cvtres.write.1.tlog
C:\Users\duta\documents\visual studio 2010\Projects\tubes\tubes\Debug\link.10856.read.1.tlog
C:\Users\duta\documents\visual studio 2010\Projects\tubes\tubes\Debug\link.10856.write.1.tlog
C:\Users\duta\documents\visual studio 2010\Projects\tubes\tubes\Debug\link.10856-cvtres.read.1.tlog
C:\Users\duta\documents\visual studio 2010\Projects\tubes\tubes\Debug\link.10856-cvtres.write.1.tlog
C:\Users\duta\documents\visual studio 2010\Projects\tubes\tubes\Debug\link.10892.read.1.tlog
C:\Users\duta\documents\visual studio 2010\Projects\tubes\tubes\Debug\link.10892.write.1.tlog
C:\Users\duta\documents\visual studio 2010\Projects\tubes\tubes\Debug\link.10892-cvtres.read.1.tlog
C:\Users\duta\documents\visual studio 2010\Projects\tubes\tubes\Debug\link.10892-cvtres.write.1.tlog
C:\Users\duta\documents\visual studio 2010\Projects\tubes\tubes\Debug\link.10988.read.1.tlog
C:\Users\duta\documents\visual studio 2010\Projects\tubes\tubes\Debug\link.10988.write.1.tlog
C:\Users\duta\documents\visual studio 2010\Projects\tubes\tubes\Debug\link.10988-cvtres.read.1.tlog
C:\Users\duta\documents\visual studio 2010\Projects\tubes\tubes\Debug\link.10988-cvtres.write.1.tlog
C:\Users\duta\documents\visual studio 2010\Projects\tubes\tubes\Debug\link.11192.read.1.tlog
C:\Users\duta\documents\visual studio 2010\Projects\tubes\tubes\Debug\link.11192.write.1.tlog
C:\Users\duta\documents\visual studio 2010\Projects\tubes\tubes\Debug\link.11192-cvtres.read.1.tlog
C:\Users\duta\documents\visual studio 2010\Projects\tubes\tubes\Debug\link.11192-cvtres.write.1.tlog
C:\Users\duta\documents\visual studio 2010\Projects\tubes\tubes\Debug\link.11392.read.1.tlog
C:\Users\duta\documents\visual studio 2010\Projects\tubes\tubes\Debug\link.11392.write.1.tlog
C:\Users\duta\documents\visual studio 2010\Projects\tubes\tubes\Debug\link.11392-cvtres.read.1.tlog
C:\Users\duta\documents\visual studio 2010\Projects\tubes\tubes\Debug\link.11392-cvtres.write.1.tlog
C:\Users\duta\documents\visual studio 2010\Projects\tubes\tubes\Debug\link.11432.read.1.tlog
C:\Users\duta\documents\visual studio 2010\Projects\tubes\tubes\Debug\link.11432.write.1.tlog
C:\Users\duta\documents\visual studio 2010\Projects\tubes\tubes\Debug\link.11432-cvtres.read.1.tlog
C:\Users\duta\documents\visual studio 2010\Projects\tubes\tubes\Debug\link.11432-cvtres.write.1.tlog
C:\Users\duta\documents\visual studio 2010\Projects\tubes\tubes\Debug\link.11468.read.1.tlog
C:\Users\duta\documents\visual studio 2010\Projects\tubes\tubes\Debug\link.11468.write.1.tlog
C:\Users\duta\documents\visual studio 2010\Projects\tubes\tubes\Debug\link.11468-cvtres.read.1.tlog
C:\Users\duta\documents\visual studio 2010\Projects\tubes\tubes\Debug\link.11468-cvtres.write.1.tlog
C:\Users\duta\documents\visual studio 2010\Projects\tubes\tubes\Debug\link.12336.read.1.tlog
C:\Users\duta\documents\visual studio 2010\Projects\tubes\tubes\Debug\link.12336.write.1.tlog
C:\Users\duta\documents\visual studio 2010\Projects\tubes\tubes\Debug\link.12336-cvtres.read.1.tlog
C:\Users\duta\documents\visual studio 2010\Projects\tubes\tubes\Debug\link.12336-cvtres.write.1.tlog
C:\Users\duta\documents\visual studio 2010\Projects\tubes\tubes\Debug\link.12480.read.1.tlog
C:\Users\duta\documents\visual studio 2010\Projects\tubes\tubes\Debug\link.12480.write.1.tlog
C:\Users\duta\documents\visual studio 2010\Projects\tubes\tubes\Debug\link.12480-cvtres.read.1.tlog
C:\Users\duta\documents\visual studio 2010\Projects\tubes\tubes\Debug\link.12480-cvtres.write.1.tlog
C:\Users\duta\documents\visual studio 2010\Projects\tubes\tubes\Debug\link.12556.read.1.tlog
C:\Users\duta\documents\visual studio 2010\Projects\tubes\tubes\Debug\link.12556.write.1.tlog
C:\Users\duta\documents\visual studio 2010\Projects\tubes\tubes\Debug\link.12556-cvtres.read.1.tlog
C:\Users\duta\documents\visual studio 2010\Projects\tubes\tubes\Debug\link.12556-cvtres.write.1.tlog
C:\Users\duta\documents\visual studio 2010\Projects\tubes\tubes\Debug\link.12660.read.1.tlog
C:\Users\duta\documents\visual studio 2010\Projects\tubes\tubes\Debug\link.12660.write.1.tlog
C:\Users\duta\documents\visual studio 2010\Projects\tubes\tubes\Debug\link.12660-cvtres.read.1.tlog
C:\Users\duta\documents\visual studio 2010\Projects\tubes\tubes\Debug\link.12660-cvtres.write.1.tlog
C:\Users\duta\documents\visual studio 2010\Projects\tubes\tubes\Debug\link.14088.read.1.tlog
C:\Users\duta\documents\visual studio 2010\Projects\tubes\tubes\Debug\link.14088.write.1.tlog
C:\Users\duta\documents\visual studio 2010\Projects\tubes\tubes\Debug\link.14088-cvtres.read.1.tlog
C:\Users\duta\documents\visual studio 2010\Projects\tubes\tubes\Debug\link.14088-cvtres.write.1.tlog
C:\Users\duta\documents\visual studio 2010\Projects\tubes\tubes\Debug\link.1416.read.1.tlog
C:\Users\duta\documents\visual studio 2010\Projects\tubes\tubes\Debug\link.1416.write.1.tlog
C:\Users\duta\documents\visual studio 2010\Projects\tubes\tubes\Debug\link.1416-cvtres.read.1.tlog
C:\Users\duta\documents\visual studio 2010\Projects\tubes\tubes\Debug\link.1416-cvtres.write.1.tlog
C:\Users\duta\documents\visual studio 2010\Projects\tubes\tubes\Debug\link.14236.read.1.tlog
C:\Users\duta\documents\visual studio 2010\Projects\tubes\tubes\Debug\link.14236.write.1.tlog
C:\Users\duta\documents\visual studio 2010\Projects\tubes\tubes\Debug\link.14236-cvtres.read.1.tlog
C:\Users\duta\documents\visual studio 2010\Projects\tubes\tubes\Debug\link.14236-cvtres.write.1.tlog
C:\Users\duta\documents\visual studio 2010\Projects\tubes\tubes\Debug\link.14256.read.1.tlog
C:\Users\duta\documents\visual studio 2010\Projects\tubes\tubes\Debug\link.14256.write.1.tlog
C:\Users\duta\documents\visual studio 2010\Projects\tubes\tubes\Debug\link.14256-cvtres.read.1.tlog
C:\Users\duta\documents\visual studio 2010\Projects\tubes\tubes\Debug\link.14256-cvtres.write.1.tlog
C:\Users\duta\documents\visual studio 2010\Projects\tubes\tubes\Debug\link.14412.read.1.tlog
C:\Users\duta\documents\visual studio 2010\Projects\tubes\tubes\Debug\link.14412.write.1.tlog
C:\Users\duta\documents\visual studio 2010\Projects\tubes\tubes\Debug\link.14412-cvtres.read.1.tlog
C:\Users\duta\documents\visual studio 2010\Projects\tubes\tubes\Debug\link.14412-cvtres.write.1.tlog
C:\Users\duta\documents\visual studio 2010\Projects\tubes\tubes\Debug\link.14444.read.1.tlog
C:\Users\duta\documents\visual studio 2010\Projects\tubes\tubes\Debug\link.14444.write.1.tlog
C:\Users\duta\documents\visual studio 2010\Projects\tubes\tubes\Debug\link.14444-cvtres.read.1.tlog
C:\Users\duta\documents\visual studio 2010\Projects\tubes\tubes\Debug\link.14444-cvtres.write.1.tlog
C:\Users\duta\documents\visual studio 2010\Projects\tubes\tubes\Debug\link.15280.read.1.tlog
C:\Users\duta\documents\visual studio 2010\Projects\tubes\tubes\Debug\link.15280.write.1.tlog
C:\Users\duta\documents\visual studio 2010\Projects\tubes\tubes\Debug\link.15280-cvtres.read.1.tlog
C:\Users\duta\documents\visual studio 2010\Projects\tubes\tubes\Debug\link.15280-cvtres.write.1.tlog
C:\Users\duta\documents\visual studio 2010\Projects\tubes\tubes\Debug\link.15372.read.1.tlog
C:\Users\duta\documents\visual studio 2010\Projects\tubes\tubes\Debug\link.15372.write.1.tlog
C:\Users\duta\documents\visual studio 2010\Projects\tubes\tubes\Debug\link.15372-cvtres.read.1.tlog
C:\Users\duta\documents\visual studio 2010\Projects\tubes\tubes\Debug\link.15372-cvtres.write.1.tlog
C:\Users\duta\documents\visual studio 2010\Projects\tubes\tubes\Debug\link.15600.read.1.tlog
C:\Users\duta\documents\visual studio 2010\Projects\tubes\tubes\Debug\link.15600.write.1.tlog
C:\Users\duta\documents\visual studio 2010\Projects\tubes\tubes\Debug\link.15600-cvtres.read.1.tlog
C:\Users\duta\documents\visual studio 2010\Projects\tubes\tubes\Debug\link.15600-cvtres.write.1.tlog
C:\Users\duta\documents\visual studio 2010\Projects\tubes\tubes\Debug\link.16052.read.1.tlog
C:\Users\duta\documents\visual studio 2010\Projects\tubes\tubes\Debug\link.16052.write.1.tlog
C:\Users\duta\documents\visual studio 2010\Projects\tubes\tubes\Debug\link.16052-cvtres.read.1.tlog
C:\Users\duta\documents\visual studio 2010\Projects\tubes\tubes\Debug\link.16052-cvtres.write.1.tlog
C:\Users\duta\documents\visual studio 2010\Projects\tubes\tubes\Debug\link.16328.read.1.tlog
C:\Users\duta\documents\visual studio 2010\Projects\tubes\tubes\Debug\link.16328.write.1.tlog
C:\Users\duta\documents\visual studio 2010\Projects\tubes\tubes\Debug\link.16328-cvtres.read.1.tlog
C:\Users\duta\documents\visual studio 2010\Projects\tubes\tubes\Debug\link.16328-cvtres.write.1.tlog
C:\Users\duta\documents\visual studio 2010\Projects\tubes\tubes\Debug\link.1816.read.1.tlog
C:\Users\duta\documents\visual studio 2010\Projects\tubes\tubes\Debug\link.1816.write.1.tlog
C:\Users\duta\documents\visual studio 2010\Projects\tubes\tubes\Debug\link.1816-cvtres.read.1.tlog
C:\Users\duta\documents\visual studio 2010\Projects\tubes\tubes\Debug\link.1816-cvtres.write.1.tlog
C:\Users\duta\documents\visual studio 2010\Projects\tubes\tubes\Debug\link.2236.read.1.tlog
C:\Users\duta\documents\visual studio 2010\Projects\tubes\tubes\Debug\link.2236.write.1.tlog
C:\Users\duta\documents\visual studio 2010\Projects\tubes\tubes\Debug\link.2236-cvtres.read.1.tlog
C:\Users\duta\documents\visual studio 2010\Projects\tubes\tubes\Debug\link.2236-cvtres.write.1.tlog
C:\Users\duta\documents\visual studio 2010\Projects\tubes\tubes\Debug\link.3552.read.1.tlog
C:\Users\duta\documents\visual studio 2010\Projects\tubes\tubes\Debug\link.3552.write.1.tlog
C:\Users\duta\documents\visual studio 2010\Projects\tubes\tubes\Debug\link.3552-cvtres.read.1.tlog
C:\Users\duta\documents\visual studio 2010\Projects\tubes\tubes\Debug\link.3552-cvtres.write.1.tlog
C:\Users\duta\documents\visual studio 2010\Projects\tubes\tubes\Debug\link.3600.read.1.tlog
C:\Users\duta\documents\visual studio 2010\Projects\tubes\tubes\Debug\link.3600.write.1.tlog
C:\Users\duta\documents\visual studio 2010\Projects\tubes\tubes\Debug\link.3600-cvtres.read.1.tlog
C:\Users\duta\documents\visual studio 2010\Projects\tubes\tubes\Debug\link.3600-cvtres.write.1.tlog
C:\Users\duta\documents\visual studio 2010\Projects\tubes\tubes\Debug\link.3644.read.1.tlog
C:\Users\duta\documents\visual studio 2010\Projects\tubes\tubes\Debug\link.3644.write.1.tlog
C:\Users\duta\documents\visual studio 2010\Projects\tubes\tubes\Debug\link.3644-cvtres.read.1.tlog
C:\Users\duta\documents\visual studio 2010\Projects\tubes\tubes\Debug\link.3644-cvtres.write.1.tlog
C:\Users\duta\documents\visual studio 2010\Projects\tubes\tubes\Debug\link.4120.read.1.tlog
C:\Users\duta\documents\visual studio 2010\Projects\tubes\tubes\Debug\link.4120.write.1.tlog
C:\Users\duta\documents\visual studio 2010\Projects\tubes\tubes\Debug\link.4120-cvtres.read.1.tlog
C:\Users\duta\documents\visual studio 2010\Projects\tubes\tubes\Debug\link.4120-cvtres.write.1.tlog
C:\Users\duta\documents\visual studio 2010\Projects\tubes\tubes\Debug\link.4144.read.1.tlog
C:\Users\duta\documents\visual studio 2010\Projects\tubes\tubes\Debug\link.4144.write.1.tlog
C:\Users\duta\documents\visual studio 2010\Projects\tubes\tubes\Debug\link.4144-cvtres.read.1.tlog
C:\Users\duta\documents\visual studio 2010\Projects\tubes\tubes\Debug\link.4144-cvtres.write.1.tlog
C:\Users\duta\documents\visual studio 2010\Projects\tubes\tubes\Debug\link.4224.read.1.tlog
C:\Users\duta\documents\visual studio 2010\Projects\tubes\tubes\Debug\link.4224.write.1.tlog
C:\Users\duta\documents\visual studio 2010\Projects\tubes\tubes\Debug\link.4224-cvtres.read.1.tlog
C:\Users\duta\documents\visual studio 2010\Projects\tubes\tubes\Debug\link.4224-cvtres.write.1.tlog
C:\Users\duta\documents\visual studio 2010\Projects\tubes\tubes\Debug\link.4648.read.1.tlog
C:\Users\duta\documents\visual studio 2010\Projects\tubes\tubes\Debug\link.4648.write.1.tlog
C:\Users\duta\documents\visual studio 2010\Projects\tubes\tubes\Debug\link.4648-cvtres.read.1.tlog
C:\Users\duta\documents\visual studio 2010\Projects\tubes\tubes\Debug\link.4648-cvtres.write.1.tlog
C:\Users\duta\documents\visual studio 2010\Projects\tubes\tubes\Debug\link.5216.read.1.tlog
C:\Users\duta\documents\visual studio 2010\Projects\tubes\tubes\Debug\link.5216.write.1.tlog
C:\Users\duta\documents\visual studio 2010\Projects\tubes\tubes\Debug\link.5216-cvtres.read.1.tlog
C:\Users\duta\documents\visual studio 2010\Projects\tubes\tubes\Debug\link.5216-cvtres.write.1.tlog
C:\Users\duta\documents\visual studio 2010\Projects\tubes\tubes\Debug\link.604.read.1.tlog
C:\Users\duta\documents\visual studio 2010\Projects\tubes\tubes\Debug\link.604.write.1.tlog
C:\Users\duta\documents\visual studio 2010\Projects\tubes\tubes\Debug\link.604-cvtres.read.1.tlog
C:\Users\duta\documents\visual studio 2010\Projects\tubes\tubes\Debug\link.604-cvtres.write.1.tlog
C:\Users\duta\documents\visual studio 2010\Projects\tubes\tubes\Debug\link.6396.read.1.tlog
C:\Users\duta\documents\visual studio 2010\Projects\tubes\tubes\Debug\link.6396.write.1.tlog
C:\Users\duta\documents\visual studio 2010\Projects\tubes\tubes\Debug\link.6396-cvtres.read.1.tlog
C:\Users\duta\documents\visual studio 2010\Projects\tubes\tubes\Debug\link.6396-cvtres.write.1.tlog
C:\Users\duta\documents\visual studio 2010\Projects\tubes\tubes\Debug\link.8428.read.1.tlog
C:\Users\duta\documents\visual studio 2010\Projects\tubes\tubes\Debug\link.8428.write.1.tlog
C:\Users\duta\documents\visual studio 2010\Projects\tubes\tubes\Debug\link.8428-cvtres.read.1.tlog
C:\Users\duta\documents\visual studio 2010\Projects\tubes\tubes\Debug\link.8428-cvtres.write.1.tlog
C:\Users\duta\documents\visual studio 2010\Projects\tubes\tubes\Debug\link.884.read.1.tlog
C:\Users\duta\documents\visual studio 2010\Projects\tubes\tubes\Debug\link.884.write.1.tlog
C:\Users\duta\documents\visual studio 2010\Projects\tubes\tubes\Debug\link.884-cvtres.read.1.tlog
C:\Users\duta\documents\visual studio 2010\Projects\tubes\tubes\Debug\link.884-cvtres.write.1.tlog
C:\Users\duta\documents\visual studio 2010\Projects\tubes\tubes\Debug\link.8992.read.1.tlog
C:\Users\duta\documents\visual studio 2010\Projects\tubes\tubes\Debug\link.8992.write.1.tlog
C:\Users\duta\documents\visual studio 2010\Projects\tubes\tubes\Debug\link.8992-cvtres.read.1.tlog
C:\Users\duta\documents\visual studio 2010\Projects\tubes\tubes\Debug\link.8992-cvtres.write.1.tlog
C:\Users\duta\documents\visual studio 2010\Projects\tubes\tubes\Debug\link.900.read.1.tlog
C:\Users\duta\documents\visual studio 2010\Projects\tubes\tubes\Debug\link.900.write.1.tlog
C:\Users\duta\documents\visual studio 2010\Projects\tubes\tubes\Debug\link.900-cvtres.read.1.tlog
C:\Users\duta\documents\visual studio 2010\Projects\tubes\tubes\Debug\link.900-cvtres.write.1.tlog
C:\Users\duta\documents\visual studio 2010\Projects\tubes\tubes\Debug\link.9380.read.1.tlog
C:\Users\duta\documents\visual studio 2010\Projects\tubes\tubes\Debug\link.9380.write.1.tlog
C:\Users\duta\documents\visual studio 2010\Projects\tubes\tubes\Debug\link.9380-cvtres.read.1.tlog
C:\Users\duta\documents\visual studio 2010\Projects\tubes\tubes\Debug\link.9380-cvtres.write.1.tlog
C:\Users\duta\documents\visual studio 2010\Projects\tubes\tubes\Debug\link.9712.read.1.tlog
C:\Users\duta\documents\visual studio 2010\Projects\tubes\tubes\Debug\link.9712.write.1.tlog
C:\Users\duta\documents\visual studio 2010\Projects\tubes\tubes\Debug\link.9712-cvtres.read.1.tlog
C:\Users\duta\documents\visual studio 2010\Projects\tubes\tubes\Debug\link.9712-cvtres.write.1.tlog
C:\Users\duta\documents\visual studio 2010\Projects\tubes\tubes\Debug\link.9896.read.1.tlog
C:\Users\duta\documents\visual studio 2010\Projects\tubes\tubes\Debug\link.9896.write.1.tlog
C:\Users\duta\documents\visual studio 2010\Projects\tubes\tubes\Debug\link.9896-cvtres.read.1.tlog
C:\Users\duta\documents\visual studio 2010\Projects\tubes\tubes\Debug\link.9896-cvtres.write.1.tlog
C:\Users\duta\documents\visual studio 2010\Projects\tubes\tubes\Debug\link.command.1.tlog
C:\Users\duta\documents\visual studio 2010\Projects\tubes\tubes\Debug\link.read.1.tlog
C:\Users\duta\documents\visual studio 2010\Projects\tubes\tubes\Debug\link.write.1.tlog
C:\Users\duta\documents\visual studio 2010\Projects\tubes\tubes\Debug\mt.command.1.tlog
C:\Users\duta\documents\visual studio 2010\Projects\tubes\tubes\Debug\mt.read.1.tlog
C:\Users\duta\documents\visual studio 2010\Projects\tubes\tubes\Debug\mt.write.1.tlog
C:\Users\duta\documents\visual studio 2010\Projects\tubes\tubes\Debug\rc.command.1.tlog
C:\Users\duta\documents\visual studio 2010\Projects\tubes\tubes\Debug\rc.read.1.tlog
C:\Users\duta\documents\visual studio 2010\Projects\tubes\tubes\Debug\rc.write.1.tlog
C:\USERS\DUTA\DOCUMENTS\VISUAL STUDIO 2010\PROJECTS\TUBES\TUBES\DEBUG\STDAFX.OBJ
C:\USERS\DUTA\DOCUMENTS\VISUAL STUDIO 2010\PROJECTS\TUBES\TUBES\DEBUG\TUBES.EXE.INTERMEDIATE.MANIFEST
C:\Users\duta\documents\visual studio 2010\Projects\tubes\tubes\Debug\tubes.Form1.resources
C:\Users\duta\documents\visual studio 2010\Projects\tubes\tubes\Debug\tubes.Form2.resources
C:\Users\duta\documents\visual studio 2010\Projects\tubes\tubes\Debug\tubes.Form3.resources
C:\USERS\DUTA\DOCUMENTS\VISUAL STUDIO 2010\PROJECTS\TUBES\TUBES\DEBUG\TUBES.OBJ
C:\USERS\DUTA\DOCUMENTS\VISUAL STUDIO 2010\PROJECTS\TUBES\TUBES\DEBUG\TUBES.PCH
C:\Users\duta\documents\visual studio 2010\Projects\tubes\tubes\Debug\tubes.vcxproj.GenerateResource.Cache
C:\Users\duta\documents\visual studio 2010\Projects\tubes\tubes\Debug\tubes.vcxprojResolveAssemblyReference.cache
C:\Users\duta\documents\visual studio 2010\Projects\tubes\tubes\Debug\tubes.write.1.tlog
C:\USERS\DUTA\DOCUMENTS\VISUAL STUDIO 2010\PROJECTS\TUBES\TUBES\DEBUG\VC100.PDB
