C:\USERS\DUTA\DOCUMENTS\VISUAL STUDIO 2010\PROJECTS\TUBES\RELEASE\TUBES.EXE
C:\Users\duta\documents\visual studio 2010\Projects\tubes\Release\tubes.pdb
C:\USERS\DUTA\DOCUMENTS\VISUAL STUDIO 2010\PROJECTS\TUBES\TUBES\RELEASE\.NETFRAMEWORK,VERSION=V4.0.ASSEMBLYATTRIBUTES.OBJ
C:\USERS\DUTA\DOCUMENTS\VISUAL STUDIO 2010\PROJECTS\TUBES\TUBES\RELEASE\APP.RES
C:\USERS\DUTA\DOCUMENTS\VISUAL STUDIO 2010\PROJECTS\TUBES\TUBES\RELEASE\ASSEMBLYINFO.OBJ
C:\Users\duta\documents\visual studio 2010\Projects\tubes\tubes\Release\cl.command.1.tlog
C:\Users\duta\documents\visual studio 2010\Projects\tubes\tubes\Release\CL.read.1.tlog
C:\Users\duta\documents\visual studio 2010\Projects\tubes\tubes\Release\CL.write.1.tlog
C:\USERS\DUTA\DOCUMENTS\VISUAL STUDIO 2010\PROJECTS\TUBES\TUBES\RELEASE\FORM2.OBJ
C:\Users\duta\documents\visual studio 2010\Projects\tubes\tubes\Release\link.command.1.tlog
C:\Users\duta\documents\visual studio 2010\Projects\tubes\tubes\Release\link.read.1.tlog
C:\Users\duta\documents\visual studio 2010\Projects\tubes\tubes\Release\link.write.1.tlog
C:\Users\duta\documents\visual studio 2010\Projects\tubes\tubes\Release\link-cvtres.read.1.tlog
C:\Users\duta\documents\visual studio 2010\Projects\tubes\tubes\Release\link-cvtres.write.1.tlog
C:\Users\duta\documents\visual studio 2010\Projects\tubes\tubes\Release\mt.command.1.tlog
C:\Users\duta\documents\visual studio 2010\Projects\tubes\tubes\Release\mt.read.1.tlog
C:\Users\duta\documents\visual studio 2010\Projects\tubes\tubes\Release\mt.write.1.tlog
C:\Users\duta\documents\visual studio 2010\Projects\tubes\tubes\Release\rc.command.1.tlog
C:\Users\duta\documents\visual studio 2010\Projects\tubes\tubes\Release\rc.read.1.tlog
C:\Users\duta\documents\visual studio 2010\Projects\tubes\tubes\Release\rc.write.1.tlog
C:\USERS\DUTA\DOCUMENTS\VISUAL STUDIO 2010\PROJECTS\TUBES\TUBES\RELEASE\STDAFX.OBJ
C:\Users\duta\documents\visual studio 2010\Projects\tubes\tubes\Release\tubes.exe.intermediate.manifest
C:\Users\duta\documents\visual studio 2010\Projects\tubes\tubes\Release\tubes.Form1.resources
C:\Users\duta\documents\visual studio 2010\Projects\tubes\tubes\Release\tubes.Form2.resources
C:\USERS\DUTA\DOCUMENTS\VISUAL STUDIO 2010\PROJECTS\TUBES\TUBES\RELEASE\TUBES.OBJ
C:\USERS\DUTA\DOCUMENTS\VISUAL STUDIO 2010\PROJECTS\TUBES\TUBES\RELEASE\TUBES.PCH
C:\Users\duta\documents\visual studio 2010\Projects\tubes\tubes\Release\tubes.vcxproj.GenerateResource.Cache
C:\Users\duta\documents\visual studio 2010\Projects\tubes\tubes\Release\tubes.vcxprojResolveAssemblyReference.cache
C:\Users\duta\documents\visual studio 2010\Projects\tubes\tubes\Release\tubes.write.1.tlog
C:\USERS\DUTA\DOCUMENTS\VISUAL STUDIO 2010\PROJECTS\TUBES\TUBES\RELEASE\VC100.PDB
